{
    "meta": {
        "format": 2,
        "version": "7.5.0",
        "timestamp": "2024-05-04T19:45:59.111618",
        "branch_coverage": false,
        "show_contexts": false
    },
    "files": {
        "manage.py": {
            "executed_lines": [
                2,
                3,
                4,
                7,
                9,
                10,
                11,
                18,
                21,
                22
            ],
            "summary": {
                "covered_lines": 10,
                "num_statements": 12,
                "percent_covered": 83.33333333333333,
                "percent_covered_display": "83",
                "missing_lines": 2,
                "excluded_lines": 0
            },
            "missing_lines": [
                12,
                13
            ],
            "excluded_lines": []
        },
        "tests/api_test.py": {
            "executed_lines": [
                1,
                2,
                3,
                4,
                5,
                6,
                7,
                10,
                11,
                12,
                13,
                14,
                15,
                16,
                17,
                19,
                23,
                25,
                26,
                28,
                30,
                32,
                34,
                36,
                38,
                40,
                42,
                44,
                45,
                50,
                51,
                56,
                58,
                59
            ],
            "summary": {
                "covered_lines": 34,
                "num_statements": 34,
                "percent_covered": 100,
                "percent_covered_display": "100",
                "missing_lines": 0,
                "excluded_lines": 0
            },
            "missing_lines": [],
            "excluded_lines": []
        },
        "tests/runner.py": {
            "executed_lines": [
                1,
                2,
                3,
                4,
                5,
                8,
                9,
                10,
                13,
                14,
                15,
                16,
                17,
                18
            ],
            "summary": {
                "covered_lines": 14,
                "num_statements": 14,
                "percent_covered": 100,
                "percent_covered_display": "100",
                "missing_lines": 0,
                "excluded_lines": 0
            },
            "missing_lines": [],
            "excluded_lines": []
        },
        "video/__init__.py": {
            "executed_lines": [
                0
            ],
            "summary": {
                "covered_lines": 0,
                "num_statements": 0,
                "percent_covered": 100,
                "percent_covered_display": "100",
                "missing_lines": 0,
                "excluded_lines": 0
            },
            "missing_lines": [],
            "excluded_lines": []
        },
        "video/asgi.py": {
            "executed_lines": [],
            "summary": {
                "covered_lines": 0,
                "num_statements": 4,
                "percent_covered": 0,
                "percent_covered_display": "0",
                "missing_lines": 4,
                "excluded_lines": 0
            },
            "missing_lines": [
                10,
                12,
                14,
                16
            ],
            "excluded_lines": []
        },
        "video/settings.py": {
            "executed_lines": [
                1,
                13,
                14,
                15,
                16,
                19,
                26,
                29,
                31,
                36,
                49,
                50,
                51,
                57,
                70,
                72,
                88,
                91,
                106,
                107,
                121,
                140,
                142,
                144,
                145,
                146,
                150,
                152,
                157,
                159,
                160,
                162,
                164
            ],
            "summary": {
                "covered_lines": 32,
                "num_statements": 32,
                "percent_covered": 100,
                "percent_covered_display": "100",
                "missing_lines": 0,
                "excluded_lines": 0
            },
            "missing_lines": [],
            "excluded_lines": []
        },
        "video/urls.py": {
            "executed_lines": [
                1,
                18,
                19,
                21
            ],
            "summary": {
                "covered_lines": 3,
                "num_statements": 3,
                "percent_covered": 100,
                "percent_covered_display": "100",
                "missing_lines": 0,
                "excluded_lines": 0
            },
            "missing_lines": [],
            "excluded_lines": []
        },
        "video/wsgi.py": {
            "executed_lines": [],
            "summary": {
                "covered_lines": 0,
                "num_statements": 4,
                "percent_covered": 0,
                "percent_covered_display": "0",
                "missing_lines": 4,
                "excluded_lines": 0
            },
            "missing_lines": [
                10,
                12,
                14,
                16
            ],
            "excluded_lines": []
        },
        "video_app/__init__.py": {
            "executed_lines": [
                0
            ],
            "summary": {
                "covered_lines": 0,
                "num_statements": 0,
                "percent_covered": 100,
                "percent_covered_display": "100",
                "missing_lines": 0,
                "excluded_lines": 0
            },
            "missing_lines": [],
            "excluded_lines": []
        },
        "video_app/admin.py": {
            "executed_lines": [
                1,
                2,
                5,
                6,
                7,
                10,
                11,
                12,
                15,
                16,
                17,
                20,
                21,
                22,
                25,
                28,
                29,
                30,
                31,
                34,
                35,
                36,
                37
            ],
            "summary": {
                "covered_lines": 23,
                "num_statements": 23,
                "percent_covered": 100,
                "percent_covered_display": "100",
                "missing_lines": 0,
                "excluded_lines": 0
            },
            "missing_lines": [],
            "excluded_lines": []
        },
        "video_app/apps.py": {
            "executed_lines": [
                1,
                4,
                5,
                6
            ],
            "summary": {
                "covered_lines": 4,
                "num_statements": 4,
                "percent_covered": 100,
                "percent_covered_display": "100",
                "missing_lines": 0,
                "excluded_lines": 0
            },
            "missing_lines": [],
            "excluded_lines": []
        },
        "video_app/migrations/0001_initial.py": {
            "executed_lines": [
                3,
                4,
                5,
                6,
                7,
                10,
                12,
                14,
                16
            ],
            "summary": {
                "covered_lines": 9,
                "num_statements": 9,
                "percent_covered": 100,
                "percent_covered_display": "100",
                "missing_lines": 0,
                "excluded_lines": 0
            },
            "missing_lines": [],
            "excluded_lines": []
        },
        "video_app/migrations/0002_alter_comment_date_publication_and_more.py": {
            "executed_lines": [
                3,
                4,
                7,
                9,
                13
            ],
            "summary": {
                "covered_lines": 5,
                "num_statements": 5,
                "percent_covered": 100,
                "percent_covered_display": "100",
                "missing_lines": 0,
                "excluded_lines": 0
            },
            "missing_lines": [],
            "excluded_lines": []
        },
        "video_app/migrations/0003_video_video_file.py": {
            "executed_lines": [
                3,
                6,
                8,
                12
            ],
            "summary": {
                "covered_lines": 4,
                "num_statements": 4,
                "percent_covered": 100,
                "percent_covered_display": "100",
                "missing_lines": 0,
                "excluded_lines": 0
            },
            "missing_lines": [],
            "excluded_lines": []
        },
        "video_app/migrations/0004_alter_user_options_remove_user_date_registrated_and_more.py": {
            "executed_lines": [
                3,
                4,
                5,
                8,
                10,
                15
            ],
            "summary": {
                "covered_lines": 6,
                "num_statements": 6,
                "percent_covered": 100,
                "percent_covered_display": "100",
                "missing_lines": 0,
                "excluded_lines": 0
            },
            "missing_lines": [],
            "excluded_lines": []
        },
        "video_app/migrations/__init__.py": {
            "executed_lines": [
                0
            ],
            "summary": {
                "covered_lines": 0,
                "num_statements": 0,
                "percent_covered": 100,
                "percent_covered_display": "100",
                "missing_lines": 0,
                "excluded_lines": 0
            },
            "missing_lines": [],
            "excluded_lines": []
        },
        "video_app/models.py": {
            "executed_lines": [
                1,
                2,
                3,
                4,
                5,
                6,
                8,
                10,
                11,
                15,
                16,
                18,
                19,
                22,
                23,
                27,
                28,
                31,
                34,
                35,
                38,
                39,
                41,
                44,
                45,
                46,
                47,
                48,
                51,
                52,
                53,
                55,
                59,
                62,
                63,
                64,
                65,
                66,
                69,
                70,
                71,
                75,
                78,
                79,
                80,
                81,
                84,
                85,
                86,
                88,
                91,
                92,
                93,
                94,
                95
            ],
            "summary": {
                "covered_lines": 55,
                "num_statements": 60,
                "percent_covered": 91.66666666666667,
                "percent_covered_display": "92",
                "missing_lines": 5,
                "excluded_lines": 0
            },
            "missing_lines": [
                12,
                42,
                60,
                76,
                89
            ],
            "excluded_lines": []
        },
        "video_app/serializers.py": {
            "executed_lines": [
                1,
                2,
                6,
                7,
                8,
                9,
                14,
                15,
                16,
                17
            ],
            "summary": {
                "covered_lines": 10,
                "num_statements": 10,
                "percent_covered": 100,
                "percent_covered_display": "100",
                "missing_lines": 0,
                "excluded_lines": 0
            },
            "missing_lines": [],
            "excluded_lines": []
        },
        "video_app/urls.py": {
            "executed_lines": [
                1,
                2,
                4,
                6,
                7,
                8,
                10,
                11,
                12,
                15,
                31
            ],
            "summary": {
                "covered_lines": 11,
                "num_statements": 11,
                "percent_covered": 100,
                "percent_covered_display": "100",
                "missing_lines": 0,
                "excluded_lines": 0
            },
            "missing_lines": [],
            "excluded_lines": []
        },
        "video_app/views.py": {
            "executed_lines": [
                1,
                2,
                3,
                4,
                5,
                6,
                7,
                10,
                21,
                22,
                23,
                24,
                25,
                27,
                36,
                39,
                40,
                41,
                44,
                45,
                59,
                62,
                63,
                66,
                67,
                70,
                71,
                72,
                73,
                74,
                75,
                79,
                80,
                81,
                82,
                83,
                84,
                86,
                89,
                90
            ],
            "summary": {
                "covered_lines": 40,
                "num_statements": 53,
                "percent_covered": 75.47169811320755,
                "percent_covered_display": "75",
                "missing_lines": 13,
                "excluded_lines": 0
            },
            "missing_lines": [
                11,
                28,
                29,
                30,
                31,
                32,
                33,
                34,
                46,
                47,
                48,
                57,
                76
            ],
            "excluded_lines": []
        }
    },
    "totals": {
        "covered_lines": 260,
        "num_statements": 288,
        "percent_covered": 90.27777777777777,
        "percent_covered_display": "90",
        "missing_lines": 28,
        "excluded_lines": 0
    }
}